c:\users\james\desktop\!math\assignment 1 - plane line intersection\assignment14dvectors\assignment14dvectors\x64\debug\vc142.pdb
c:\users\james\desktop\!math\assignment 1 - plane line intersection\assignment14dvectors\assignment14dvectors\x64\debug\vc142.idb
c:\users\james\desktop\!math\assignment 1 - plane line intersection\assignment14dvectors\assignment14dvectors\x64\debug\vec4.obj
c:\users\james\desktop\!math\assignment 1 - plane line intersection\assignment14dvectors\assignment14dvectors\x64\debug\vec3.obj
c:\users\james\desktop\!math\assignment 1 - plane line intersection\assignment14dvectors\assignment14dvectors\x64\debug\ray.obj
c:\users\james\desktop\!math\assignment 1 - plane line intersection\assignment14dvectors\assignment14dvectors\x64\debug\plane.obj
c:\users\james\desktop\!math\assignment 1 - plane line intersection\assignment14dvectors\assignment14dvectors\x64\debug\mat3.obj
c:\users\james\desktop\!math\assignment 1 - plane line intersection\assignment14dvectors\assignment14dvectors\x64\debug\main.obj
c:\users\james\desktop\assignment2spherebox\assignment14dvectors\x64\debug\vc142.pdb
c:\users\james\desktop\assignment2spherebox\assignment14dvectors\x64\debug\vc142.idb
c:\users\james\desktop\assignment2spherebox\assignment14dvectors\x64\debug\vec4.obj
c:\users\james\desktop\assignment2spherebox\assignment14dvectors\x64\debug\vec3.obj
c:\users\james\desktop\assignment2spherebox\assignment14dvectors\x64\debug\ray.obj
c:\users\james\desktop\assignment2spherebox\assignment14dvectors\x64\debug\plane.obj
c:\users\james\desktop\assignment2spherebox\assignment14dvectors\x64\debug\mat3.obj
c:\users\james\desktop\assignment2spherebox\assignment14dvectors\x64\debug\main.obj
c:\users\james\desktop\assignment2spherebox\assignment14dvectors\x64\debug\sphere.obj
c:\users\james\desktop\assignment2spherebox\assignment14dvectors\x64\debug\collider.obj
c:\users\james\desktop\assignment2spherebox\assignment14dvectors\x64\debug\aab.obj
c:\users\james\desktop\!math\assignment 1 - plane line intersection\assignment14dvectors\x64\debug\assignment14dvectors.exe
c:\users\james\desktop\!math\assignment 1 - plane line intersection\assignment14dvectors\x64\debug\assignment14dvectors.ilk
c:\users\james\desktop\!math\assignment 1 - plane line intersection\assignment14dvectors\x64\debug\assignment14dvectors.pdb
c:\users\james\desktop\assignment2spherebox\x64\debug\assignment14dvectors.exe
c:\users\james\desktop\assignment2spherebox\x64\debug\assignment14dvectors.ilk
c:\users\james\desktop\assignment2spherebox\x64\debug\assignment14dvectors.pdb
c:\users\james\desktop\assignment2spherebox\assignment14dvectors\x64\debug\assignme.93d638bd.tlog\cl.command.1.tlog
c:\users\james\desktop\assignment2spherebox\assignment14dvectors\x64\debug\assignme.93d638bd.tlog\cl.read.1.tlog
c:\users\james\desktop\assignment2spherebox\assignment14dvectors\x64\debug\assignme.93d638bd.tlog\cl.write.1.tlog
c:\users\james\desktop\assignment2spherebox\assignment14dvectors\x64\debug\assignme.93d638bd.tlog\link.command.1.tlog
c:\users\james\desktop\assignment2spherebox\assignment14dvectors\x64\debug\assignme.93d638bd.tlog\link.read.1.tlog
c:\users\james\desktop\assignment2spherebox\assignment14dvectors\x64\debug\assignme.93d638bd.tlog\link.write.1.tlog
